The system is: Darwin - 15.6.0 - x86_64
Compiling the CXX compiler identification source file "CMakeCXXCompilerId.cpp" succeeded.
Compiler: /Applications/Xcode.app/Contents/Developer/Toolchains/XcodeDefault.xctoolchain/usr/bin/c++ 
Build flags: 
Id flags: 

The output was:
0


Compilation of the CXX compiler identification source "CMakeCXXCompilerId.cpp" produced "a.out"

The CXX compiler identification is AppleClang, found in "/Users/marcel/Documents/Coding/gnuradio/gr-cbacon/build/CMakeFiles/3.6.1/CompilerIdCXX/a.out"

Compiling the C compiler identification source file "CMakeCCompilerId.c" succeeded.
Compiler: /Applications/Xcode.app/Contents/Developer/Toolchains/XcodeDefault.xctoolchain/usr/bin/cc 
Build flags: 
Id flags: 

The output was:
0


Compilation of the C compiler identification source "CMakeCCompilerId.c" produced "a.out"

The C compiler identification is AppleClang, found in "/Users/marcel/Documents/Coding/gnuradio/gr-cbacon/build/CMakeFiles/3.6.1/CompilerIdC/a.out"

Determining if the CXX compiler works passed with the following output:
Change Dir: /Users/marcel/Documents/Coding/gnuradio/gr-cbacon/build/CMakeFiles/CMakeTmp

Run Build Command:"/opt/local/bin/gmake" "cmTC_1ba1f/fast"
/opt/local/bin/gmake -f CMakeFiles/cmTC_1ba1f.dir/build.make CMakeFiles/cmTC_1ba1f.dir/build
gmake[1]: Verzeichnis „/Users/marcel/Documents/Coding/gnuradio/gr-cbacon/build/CMakeFiles/CMakeTmp“ wird betreten
Building CXX object CMakeFiles/cmTC_1ba1f.dir/testCXXCompiler.cxx.o
/Applications/Xcode.app/Contents/Developer/Toolchains/XcodeDefault.xctoolchain/usr/bin/c++      -o CMakeFiles/cmTC_1ba1f.dir/testCXXCompiler.cxx.o -c /Users/marcel/Documents/Coding/gnuradio/gr-cbacon/build/CMakeFiles/CMakeTmp/testCXXCompiler.cxx
Linking CXX executable cmTC_1ba1f
/opt/local/bin/cmake -E cmake_link_script CMakeFiles/cmTC_1ba1f.dir/link.txt --verbose=1
/Applications/Xcode.app/Contents/Developer/Toolchains/XcodeDefault.xctoolchain/usr/bin/c++     -Wl,-search_paths_first -Wl,-headerpad_max_install_names   CMakeFiles/cmTC_1ba1f.dir/testCXXCompiler.cxx.o  -o cmTC_1ba1f  
gmake[1]: Verzeichnis „/Users/marcel/Documents/Coding/gnuradio/gr-cbacon/build/CMakeFiles/CMakeTmp“ wird verlassen


Detecting CXX compiler ABI info compiled with the following output:
Change Dir: /Users/marcel/Documents/Coding/gnuradio/gr-cbacon/build/CMakeFiles/CMakeTmp

Run Build Command:"/opt/local/bin/gmake" "cmTC_581d6/fast"
/opt/local/bin/gmake -f CMakeFiles/cmTC_581d6.dir/build.make CMakeFiles/cmTC_581d6.dir/build
gmake[1]: Verzeichnis „/Users/marcel/Documents/Coding/gnuradio/gr-cbacon/build/CMakeFiles/CMakeTmp“ wird betreten
Building CXX object CMakeFiles/cmTC_581d6.dir/CMakeCXXCompilerABI.cpp.o
/Applications/Xcode.app/Contents/Developer/Toolchains/XcodeDefault.xctoolchain/usr/bin/c++      -o CMakeFiles/cmTC_581d6.dir/CMakeCXXCompilerABI.cpp.o -c /opt/local/share/cmake-3.6/Modules/CMakeCXXCompilerABI.cpp
Linking CXX executable cmTC_581d6
/opt/local/bin/cmake -E cmake_link_script CMakeFiles/cmTC_581d6.dir/link.txt --verbose=1
/Applications/Xcode.app/Contents/Developer/Toolchains/XcodeDefault.xctoolchain/usr/bin/c++     -Wl,-search_paths_first -Wl,-headerpad_max_install_names  -v -Wl,-v CMakeFiles/cmTC_581d6.dir/CMakeCXXCompilerABI.cpp.o  -o cmTC_581d6   
Apple LLVM version 7.3.0 (clang-703.0.31)
Target: x86_64-apple-darwin15.6.0
Thread model: posix
InstalledDir: /Applications/Xcode.app/Contents/Developer/Toolchains/XcodeDefault.xctoolchain/usr/bin
 "/Applications/Xcode.app/Contents/Developer/Toolchains/XcodeDefault.xctoolchain/usr/bin/ld" -demangle -dynamic -arch x86_64 -macosx_version_min 10.11.0 -o cmTC_581d6 -search_paths_first -headerpad_max_install_names -v CMakeFiles/cmTC_581d6.dir/CMakeCXXCompilerABI.cpp.o -lc++ -lSystem /Applications/Xcode.app/Contents/Developer/Toolchains/XcodeDefault.xctoolchain/usr/bin/../lib/clang/7.3.0/lib/darwin/libclang_rt.osx.a
@(#)PROGRAM:ld  PROJECT:ld64-264.3.102
configured to support archs: armv6 armv7 armv7s arm64 i386 x86_64 x86_64h armv6m armv7k armv7m armv7em (tvOS)
Library search paths:
	/usr/lib
	/usr/local/lib
Framework search paths:
	/Library/Frameworks/
	/System/Library/Frameworks/
gmake[1]: Verzeichnis „/Users/marcel/Documents/Coding/gnuradio/gr-cbacon/build/CMakeFiles/CMakeTmp“ wird verlassen


Parsed CXX implicit link information from above output:
  link line regex: [^( *|.*[/\])(ld|([^/\]+-)?ld|collect2)[^/\]*( |$)]
  ignore line: [Change Dir: /Users/marcel/Documents/Coding/gnuradio/gr-cbacon/build/CMakeFiles/CMakeTmp]
  ignore line: []
  ignore line: [Run Build Command:"/opt/local/bin/gmake" "cmTC_581d6/fast"]
  ignore line: [/opt/local/bin/gmake -f CMakeFiles/cmTC_581d6.dir/build.make CMakeFiles/cmTC_581d6.dir/build]
  ignore line: [gmake[1]: Verzeichnis „/Users/marcel/Documents/Coding/gnuradio/gr-cbacon/build/CMakeFiles/CMakeTmp“ wird betreten]
  ignore line: [Building CXX object CMakeFiles/cmTC_581d6.dir/CMakeCXXCompilerABI.cpp.o]
  ignore line: [/Applications/Xcode.app/Contents/Developer/Toolchains/XcodeDefault.xctoolchain/usr/bin/c++      -o CMakeFiles/cmTC_581d6.dir/CMakeCXXCompilerABI.cpp.o -c /opt/local/share/cmake-3.6/Modules/CMakeCXXCompilerABI.cpp]
  ignore line: [Linking CXX executable cmTC_581d6]
  ignore line: [/opt/local/bin/cmake -E cmake_link_script CMakeFiles/cmTC_581d6.dir/link.txt --verbose=1]
  ignore line: [/Applications/Xcode.app/Contents/Developer/Toolchains/XcodeDefault.xctoolchain/usr/bin/c++     -Wl,-search_paths_first -Wl,-headerpad_max_install_names  -v -Wl,-v CMakeFiles/cmTC_581d6.dir/CMakeCXXCompilerABI.cpp.o  -o cmTC_581d6   ]
  ignore line: [Apple LLVM version 7.3.0 (clang-703.0.31)]
  ignore line: [Target: x86_64-apple-darwin15.6.0]
  ignore line: [Thread model: posix]
  ignore line: [InstalledDir: /Applications/Xcode.app/Contents/Developer/Toolchains/XcodeDefault.xctoolchain/usr/bin]
  link line: [ "/Applications/Xcode.app/Contents/Developer/Toolchains/XcodeDefault.xctoolchain/usr/bin/ld" -demangle -dynamic -arch x86_64 -macosx_version_min 10.11.0 -o cmTC_581d6 -search_paths_first -headerpad_max_install_names -v CMakeFiles/cmTC_581d6.dir/CMakeCXXCompilerABI.cpp.o -lc++ -lSystem /Applications/Xcode.app/Contents/Developer/Toolchains/XcodeDefault.xctoolchain/usr/bin/../lib/clang/7.3.0/lib/darwin/libclang_rt.osx.a]
    arg [/Applications/Xcode.app/Contents/Developer/Toolchains/XcodeDefault.xctoolchain/usr/bin/ld] ==> ignore
    arg [-demangle] ==> ignore
    arg [-dynamic] ==> ignore
    arg [-arch] ==> ignore
    arg [x86_64] ==> ignore
    arg [-macosx_version_min] ==> ignore
    arg [10.11.0] ==> ignore
    arg [-o] ==> ignore
    arg [cmTC_581d6] ==> ignore
    arg [-search_paths_first] ==> ignore
    arg [-headerpad_max_install_names] ==> ignore
    arg [-v] ==> ignore
    arg [CMakeFiles/cmTC_581d6.dir/CMakeCXXCompilerABI.cpp.o] ==> ignore
    arg [-lc++] ==> lib [c++]
    arg [-lSystem] ==> lib [System]
    arg [/Applications/Xcode.app/Contents/Developer/Toolchains/XcodeDefault.xctoolchain/usr/bin/../lib/clang/7.3.0/lib/darwin/libclang_rt.osx.a] ==> lib [/Applications/Xcode.app/Contents/Developer/Toolchains/XcodeDefault.xctoolchain/usr/bin/../lib/clang/7.3.0/lib/darwin/libclang_rt.osx.a]
  Library search paths: [;/usr/lib;/usr/local/lib]
  Framework search paths: [;/Library/Frameworks/;/System/Library/Frameworks/]
  remove lib [System]
  collapse lib [/Applications/Xcode.app/Contents/Developer/Toolchains/XcodeDefault.xctoolchain/usr/bin/../lib/clang/7.3.0/lib/darwin/libclang_rt.osx.a] ==> [/Applications/Xcode.app/Contents/Developer/Toolchains/XcodeDefault.xctoolchain/usr/lib/clang/7.3.0/lib/darwin/libclang_rt.osx.a]
  collapse library dir [/usr/lib] ==> [/usr/lib]
  collapse library dir [/usr/local/lib] ==> [/usr/local/lib]
  collapse framework dir [/Library/Frameworks/] ==> [/Library/Frameworks]
  collapse framework dir [/System/Library/Frameworks/] ==> [/System/Library/Frameworks]
  implicit libs: [c++;/Applications/Xcode.app/Contents/Developer/Toolchains/XcodeDefault.xctoolchain/usr/lib/clang/7.3.0/lib/darwin/libclang_rt.osx.a]
  implicit dirs: [/usr/lib;/usr/local/lib]
  implicit fwks: [/Library/Frameworks;/System/Library/Frameworks]




Detecting CXX [-std=c++14] compiler features compiled with the following output:
Change Dir: /Users/marcel/Documents/Coding/gnuradio/gr-cbacon/build/CMakeFiles/CMakeTmp

Run Build Command:"/opt/local/bin/gmake" "cmTC_4551a/fast"
/opt/local/bin/gmake -f CMakeFiles/cmTC_4551a.dir/build.make CMakeFiles/cmTC_4551a.dir/build
gmake[1]: Verzeichnis „/Users/marcel/Documents/Coding/gnuradio/gr-cbacon/build/CMakeFiles/CMakeTmp“ wird betreten
Building CXX object CMakeFiles/cmTC_4551a.dir/feature_tests.cxx.o
/Applications/Xcode.app/Contents/Developer/Toolchains/XcodeDefault.xctoolchain/usr/bin/c++     -std=c++14 -o CMakeFiles/cmTC_4551a.dir/feature_tests.cxx.o -c /Users/marcel/Documents/Coding/gnuradio/gr-cbacon/build/CMakeFiles/feature_tests.cxx
Linking CXX executable cmTC_4551a
/opt/local/bin/cmake -E cmake_link_script CMakeFiles/cmTC_4551a.dir/link.txt --verbose=1
/Applications/Xcode.app/Contents/Developer/Toolchains/XcodeDefault.xctoolchain/usr/bin/c++     -Wl,-search_paths_first -Wl,-headerpad_max_install_names   CMakeFiles/cmTC_4551a.dir/feature_tests.cxx.o  -o cmTC_4551a  
gmake[1]: Verzeichnis „/Users/marcel/Documents/Coding/gnuradio/gr-cbacon/build/CMakeFiles/CMakeTmp“ wird verlassen


    Feature record: CXX_FEATURE:1cxx_aggregate_default_initializers
    Feature record: CXX_FEATURE:1cxx_alias_templates
    Feature record: CXX_FEATURE:1cxx_alignas
    Feature record: CXX_FEATURE:1cxx_alignof
    Feature record: CXX_FEATURE:1cxx_attributes
    Feature record: CXX_FEATURE:1cxx_attribute_deprecated
    Feature record: CXX_FEATURE:1cxx_auto_type
    Feature record: CXX_FEATURE:1cxx_binary_literals
    Feature record: CXX_FEATURE:1cxx_constexpr
    Feature record: CXX_FEATURE:1cxx_contextual_conversions
    Feature record: CXX_FEATURE:1cxx_decltype
    Feature record: CXX_FEATURE:1cxx_decltype_auto
    Feature record: CXX_FEATURE:1cxx_decltype_incomplete_return_types
    Feature record: CXX_FEATURE:1cxx_default_function_template_args
    Feature record: CXX_FEATURE:1cxx_defaulted_functions
    Feature record: CXX_FEATURE:1cxx_defaulted_move_initializers
    Feature record: CXX_FEATURE:1cxx_delegating_constructors
    Feature record: CXX_FEATURE:1cxx_deleted_functions
    Feature record: CXX_FEATURE:1cxx_digit_separators
    Feature record: CXX_FEATURE:1cxx_enum_forward_declarations
    Feature record: CXX_FEATURE:1cxx_explicit_conversions
    Feature record: CXX_FEATURE:1cxx_extended_friend_declarations
    Feature record: CXX_FEATURE:1cxx_extern_templates
    Feature record: CXX_FEATURE:1cxx_final
    Feature record: CXX_FEATURE:1cxx_func_identifier
    Feature record: CXX_FEATURE:1cxx_generalized_initializers
    Feature record: CXX_FEATURE:1cxx_generic_lambdas
    Feature record: CXX_FEATURE:1cxx_inheriting_constructors
    Feature record: CXX_FEATURE:1cxx_inline_namespaces
    Feature record: CXX_FEATURE:1cxx_lambdas
    Feature record: CXX_FEATURE:1cxx_lambda_init_captures
    Feature record: CXX_FEATURE:1cxx_local_type_template_args
    Feature record: CXX_FEATURE:1cxx_long_long_type
    Feature record: CXX_FEATURE:1cxx_noexcept
    Feature record: CXX_FEATURE:1cxx_nonstatic_member_init
    Feature record: CXX_FEATURE:1cxx_nullptr
    Feature record: CXX_FEATURE:1cxx_override
    Feature record: CXX_FEATURE:1cxx_range_for
    Feature record: CXX_FEATURE:1cxx_raw_string_literals
    Feature record: CXX_FEATURE:1cxx_reference_qualified_functions
    Feature record: CXX_FEATURE:1cxx_relaxed_constexpr
    Feature record: CXX_FEATURE:1cxx_return_type_deduction
    Feature record: CXX_FEATURE:1cxx_right_angle_brackets
    Feature record: CXX_FEATURE:1cxx_rvalue_references
    Feature record: CXX_FEATURE:1cxx_sizeof_member
    Feature record: CXX_FEATURE:1cxx_static_assert
    Feature record: CXX_FEATURE:1cxx_strong_enums
    Feature record: CXX_FEATURE:1cxx_template_template_parameters
    Feature record: CXX_FEATURE:0cxx_thread_local
    Feature record: CXX_FEATURE:1cxx_trailing_return_types
    Feature record: CXX_FEATURE:1cxx_unicode_literals
    Feature record: CXX_FEATURE:1cxx_uniform_initialization
    Feature record: CXX_FEATURE:1cxx_unrestricted_unions
    Feature record: CXX_FEATURE:1cxx_user_literals
    Feature record: CXX_FEATURE:1cxx_variable_templates
    Feature record: CXX_FEATURE:1cxx_variadic_macros
    Feature record: CXX_FEATURE:1cxx_variadic_templates


Detecting CXX [-std=c++11] compiler features compiled with the following output:
Change Dir: /Users/marcel/Documents/Coding/gnuradio/gr-cbacon/build/CMakeFiles/CMakeTmp

Run Build Command:"/opt/local/bin/gmake" "cmTC_5ef01/fast"
/opt/local/bin/gmake -f CMakeFiles/cmTC_5ef01.dir/build.make CMakeFiles/cmTC_5ef01.dir/build
gmake[1]: Verzeichnis „/Users/marcel/Documents/Coding/gnuradio/gr-cbacon/build/CMakeFiles/CMakeTmp“ wird betreten
Building CXX object CMakeFiles/cmTC_5ef01.dir/feature_tests.cxx.o
/Applications/Xcode.app/Contents/Developer/Toolchains/XcodeDefault.xctoolchain/usr/bin/c++     -std=c++11 -o CMakeFiles/cmTC_5ef01.dir/feature_tests.cxx.o -c /Users/marcel/Documents/Coding/gnuradio/gr-cbacon/build/CMakeFiles/feature_tests.cxx
Linking CXX executable cmTC_5ef01
/opt/local/bin/cmake -E cmake_link_script CMakeFiles/cmTC_5ef01.dir/link.txt --verbose=1
/Applications/Xcode.app/Contents/Developer/Toolchains/XcodeDefault.xctoolchain/usr/bin/c++     -Wl,-search_paths_first -Wl,-headerpad_max_install_names   CMakeFiles/cmTC_5ef01.dir/feature_tests.cxx.o  -o cmTC_5ef01  
gmake[1]: Verzeichnis „/Users/marcel/Documents/Coding/gnuradio/gr-cbacon/build/CMakeFiles/CMakeTmp“ wird verlassen


    Feature record: CXX_FEATURE:0cxx_aggregate_default_initializers
    Feature record: CXX_FEATURE:1cxx_alias_templates
    Feature record: CXX_FEATURE:1cxx_alignas
    Feature record: CXX_FEATURE:1cxx_alignof
    Feature record: CXX_FEATURE:1cxx_attributes
    Feature record: CXX_FEATURE:0cxx_attribute_deprecated
    Feature record: CXX_FEATURE:1cxx_auto_type
    Feature record: CXX_FEATURE:0cxx_binary_literals
    Feature record: CXX_FEATURE:1cxx_constexpr
    Feature record: CXX_FEATURE:0cxx_contextual_conversions
    Feature record: CXX_FEATURE:1cxx_decltype
    Feature record: CXX_FEATURE:0cxx_decltype_auto
    Feature record: CXX_FEATURE:1cxx_decltype_incomplete_return_types
    Feature record: CXX_FEATURE:1cxx_default_function_template_args
    Feature record: CXX_FEATURE:1cxx_defaulted_functions
    Feature record: CXX_FEATURE:1cxx_defaulted_move_initializers
    Feature record: CXX_FEATURE:1cxx_delegating_constructors
    Feature record: CXX_FEATURE:1cxx_deleted_functions
    Feature record: CXX_FEATURE:0cxx_digit_separators
    Feature record: CXX_FEATURE:1cxx_enum_forward_declarations
    Feature record: CXX_FEATURE:1cxx_explicit_conversions
    Feature record: CXX_FEATURE:1cxx_extended_friend_declarations
    Feature record: CXX_FEATURE:1cxx_extern_templates
    Feature record: CXX_FEATURE:1cxx_final
    Feature record: CXX_FEATURE:1cxx_func_identifier
    Feature record: CXX_FEATURE:1cxx_generalized_initializers
    Feature record: CXX_FEATURE:0cxx_generic_lambdas
    Feature record: CXX_FEATURE:1cxx_inheriting_constructors
    Feature record: CXX_FEATURE:1cxx_inline_namespaces
    Feature record: CXX_FEATURE:1cxx_lambdas
    Feature record: CXX_FEATURE:0cxx_lambda_init_captures
    Feature record: CXX_FEATURE:1cxx_local_type_template_args
    Feature record: CXX_FEATURE:1cxx_long_long_type
    Feature record: CXX_FEATURE:1cxx_noexcept
    Feature record: CXX_FEATURE:1cxx_nonstatic_member_init
    Feature record: CXX_FEATURE:1cxx_nullptr
    Feature record: CXX_FEATURE:1cxx_override
    Feature record: CXX_FEATURE:1cxx_range_for
    Feature record: CXX_FEATURE:1cxx_raw_string_literals
    Feature record: CXX_FEATURE:1cxx_reference_qualified_functions
    Feature record: CXX_FEATURE:0cxx_relaxed_constexpr
    Feature record: CXX_FEATURE:0cxx_return_type_deduction
    Feature record: CXX_FEATURE:1cxx_right_angle_brackets
    Feature record: CXX_FEATURE:1cxx_rvalue_references
    Feature record: CXX_FEATURE:1cxx_sizeof_member
    Feature record: CXX_FEATURE:1cxx_static_assert
    Feature record: CXX_FEATURE:1cxx_strong_enums
    Feature record: CXX_FEATURE:1cxx_template_template_parameters
    Feature record: CXX_FEATURE:0cxx_thread_local
    Feature record: CXX_FEATURE:1cxx_trailing_return_types
    Feature record: CXX_FEATURE:1cxx_unicode_literals
    Feature record: CXX_FEATURE:1cxx_uniform_initialization
    Feature record: CXX_FEATURE:1cxx_unrestricted_unions
    Feature record: CXX_FEATURE:1cxx_user_literals
    Feature record: CXX_FEATURE:0cxx_variable_templates
    Feature record: CXX_FEATURE:1cxx_variadic_macros
    Feature record: CXX_FEATURE:1cxx_variadic_templates


Detecting CXX [-std=c++98] compiler features compiled with the following output:
Change Dir: /Users/marcel/Documents/Coding/gnuradio/gr-cbacon/build/CMakeFiles/CMakeTmp

Run Build Command:"/opt/local/bin/gmake" "cmTC_7e171/fast"
/opt/local/bin/gmake -f CMakeFiles/cmTC_7e171.dir/build.make CMakeFiles/cmTC_7e171.dir/build
gmake[1]: Verzeichnis „/Users/marcel/Documents/Coding/gnuradio/gr-cbacon/build/CMakeFiles/CMakeTmp“ wird betreten
Building CXX object CMakeFiles/cmTC_7e171.dir/feature_tests.cxx.o
/Applications/Xcode.app/Contents/Developer/Toolchains/XcodeDefault.xctoolchain/usr/bin/c++     -std=c++98 -o CMakeFiles/cmTC_7e171.dir/feature_tests.cxx.o -c /Users/marcel/Documents/Coding/gnuradio/gr-cbacon/build/CMakeFiles/feature_tests.cxx
Linking CXX executable cmTC_7e171
/opt/local/bin/cmake -E cmake_link_script CMakeFiles/cmTC_7e171.dir/link.txt --verbose=1
/Applications/Xcode.app/Contents/Developer/Toolchains/XcodeDefault.xctoolchain/usr/bin/c++     -Wl,-search_paths_first -Wl,-headerpad_max_install_names   CMakeFiles/cmTC_7e171.dir/feature_tests.cxx.o  -o cmTC_7e171  
gmake[1]: Verzeichnis „/Users/marcel/Documents/Coding/gnuradio/gr-cbacon/build/CMakeFiles/CMakeTmp“ wird verlassen


    Feature record: CXX_FEATURE:0cxx_aggregate_default_initializers
    Feature record: CXX_FEATURE:0cxx_alias_templates
    Feature record: CXX_FEATURE:0cxx_alignas
    Feature record: CXX_FEATURE:0cxx_alignof
    Feature record: CXX_FEATURE:0cxx_attributes
    Feature record: CXX_FEATURE:0cxx_attribute_deprecated
    Feature record: CXX_FEATURE:0cxx_auto_type
    Feature record: CXX_FEATURE:0cxx_binary_literals
    Feature record: CXX_FEATURE:0cxx_constexpr
    Feature record: CXX_FEATURE:0cxx_contextual_conversions
    Feature record: CXX_FEATURE:0cxx_decltype
    Feature record: CXX_FEATURE:0cxx_decltype_auto
    Feature record: CXX_FEATURE:0cxx_decltype_incomplete_return_types
    Feature record: CXX_FEATURE:0cxx_default_function_template_args
    Feature record: CXX_FEATURE:0cxx_defaulted_functions
    Feature record: CXX_FEATURE:0cxx_defaulted_move_initializers
    Feature record: CXX_FEATURE:0cxx_delegating_constructors
    Feature record: CXX_FEATURE:0cxx_deleted_functions
    Feature record: CXX_FEATURE:0cxx_digit_separators
    Feature record: CXX_FEATURE:0cxx_enum_forward_declarations
    Feature record: CXX_FEATURE:0cxx_explicit_conversions
    Feature record: CXX_FEATURE:0cxx_extended_friend_declarations
    Feature record: CXX_FEATURE:0cxx_extern_templates
    Feature record: CXX_FEATURE:0cxx_final
    Feature record: CXX_FEATURE:0cxx_func_identifier
    Feature record: CXX_FEATURE:0cxx_generalized_initializers
    Feature record: CXX_FEATURE:0cxx_generic_lambdas
    Feature record: CXX_FEATURE:0cxx_inheriting_constructors
    Feature record: CXX_FEATURE:0cxx_inline_namespaces
    Feature record: CXX_FEATURE:0cxx_lambdas
    Feature record: CXX_FEATURE:0cxx_lambda_init_captures
    Feature record: CXX_FEATURE:0cxx_local_type_template_args
    Feature record: CXX_FEATURE:0cxx_long_long_type
    Feature record: CXX_FEATURE:0cxx_noexcept
    Feature record: CXX_FEATURE:0cxx_nonstatic_member_init
    Feature record: CXX_FEATURE:0cxx_nullptr
    Feature record: CXX_FEATURE:0cxx_override
    Feature record: CXX_FEATURE:0cxx_range_for
    Feature record: CXX_FEATURE:0cxx_raw_string_literals
    Feature record: CXX_FEATURE:0cxx_reference_qualified_functions
    Feature record: CXX_FEATURE:0cxx_relaxed_constexpr
    Feature record: CXX_FEATURE:0cxx_return_type_deduction
    Feature record: CXX_FEATURE:0cxx_right_angle_brackets
    Feature record: CXX_FEATURE:0cxx_rvalue_references
    Feature record: CXX_FEATURE:0cxx_sizeof_member
    Feature record: CXX_FEATURE:0cxx_static_assert
    Feature record: CXX_FEATURE:0cxx_strong_enums
    Feature record: CXX_FEATURE:1cxx_template_template_parameters
    Feature record: CXX_FEATURE:0cxx_thread_local
    Feature record: CXX_FEATURE:0cxx_trailing_return_types
    Feature record: CXX_FEATURE:0cxx_unicode_literals
    Feature record: CXX_FEATURE:0cxx_uniform_initialization
    Feature record: CXX_FEATURE:0cxx_unrestricted_unions
    Feature record: CXX_FEATURE:0cxx_user_literals
    Feature record: CXX_FEATURE:0cxx_variable_templates
    Feature record: CXX_FEATURE:0cxx_variadic_macros
    Feature record: CXX_FEATURE:0cxx_variadic_templates
Determining if the C compiler works passed with the following output:
Change Dir: /Users/marcel/Documents/Coding/gnuradio/gr-cbacon/build/CMakeFiles/CMakeTmp

Run Build Command:"/opt/local/bin/gmake" "cmTC_4fce8/fast"
/opt/local/bin/gmake -f CMakeFiles/cmTC_4fce8.dir/build.make CMakeFiles/cmTC_4fce8.dir/build
gmake[1]: Verzeichnis „/Users/marcel/Documents/Coding/gnuradio/gr-cbacon/build/CMakeFiles/CMakeTmp“ wird betreten
Building C object CMakeFiles/cmTC_4fce8.dir/testCCompiler.c.o
/Applications/Xcode.app/Contents/Developer/Toolchains/XcodeDefault.xctoolchain/usr/bin/cc     -o CMakeFiles/cmTC_4fce8.dir/testCCompiler.c.o   -c /Users/marcel/Documents/Coding/gnuradio/gr-cbacon/build/CMakeFiles/CMakeTmp/testCCompiler.c
Linking C executable cmTC_4fce8
/opt/local/bin/cmake -E cmake_link_script CMakeFiles/cmTC_4fce8.dir/link.txt --verbose=1
/Applications/Xcode.app/Contents/Developer/Toolchains/XcodeDefault.xctoolchain/usr/bin/cc    -Wl,-search_paths_first -Wl,-headerpad_max_install_names   CMakeFiles/cmTC_4fce8.dir/testCCompiler.c.o  -o cmTC_4fce8  
gmake[1]: Verzeichnis „/Users/marcel/Documents/Coding/gnuradio/gr-cbacon/build/CMakeFiles/CMakeTmp“ wird verlassen


Detecting C compiler ABI info compiled with the following output:
Change Dir: /Users/marcel/Documents/Coding/gnuradio/gr-cbacon/build/CMakeFiles/CMakeTmp

Run Build Command:"/opt/local/bin/gmake" "cmTC_5a501/fast"
/opt/local/bin/gmake -f CMakeFiles/cmTC_5a501.dir/build.make CMakeFiles/cmTC_5a501.dir/build
gmake[1]: Verzeichnis „/Users/marcel/Documents/Coding/gnuradio/gr-cbacon/build/CMakeFiles/CMakeTmp“ wird betreten
Building C object CMakeFiles/cmTC_5a501.dir/CMakeCCompilerABI.c.o
/Applications/Xcode.app/Contents/Developer/Toolchains/XcodeDefault.xctoolchain/usr/bin/cc     -o CMakeFiles/cmTC_5a501.dir/CMakeCCompilerABI.c.o   -c /opt/local/share/cmake-3.6/Modules/CMakeCCompilerABI.c
Linking C executable cmTC_5a501
/opt/local/bin/cmake -E cmake_link_script CMakeFiles/cmTC_5a501.dir/link.txt --verbose=1
/Applications/Xcode.app/Contents/Developer/Toolchains/XcodeDefault.xctoolchain/usr/bin/cc    -Wl,-search_paths_first -Wl,-headerpad_max_install_names  -v -Wl,-v CMakeFiles/cmTC_5a501.dir/CMakeCCompilerABI.c.o  -o cmTC_5a501   
Apple LLVM version 7.3.0 (clang-703.0.31)
Target: x86_64-apple-darwin15.6.0
Thread model: posix
InstalledDir: /Applications/Xcode.app/Contents/Developer/Toolchains/XcodeDefault.xctoolchain/usr/bin
 "/Applications/Xcode.app/Contents/Developer/Toolchains/XcodeDefault.xctoolchain/usr/bin/ld" -demangle -dynamic -arch x86_64 -macosx_version_min 10.11.0 -o cmTC_5a501 -search_paths_first -headerpad_max_install_names -v CMakeFiles/cmTC_5a501.dir/CMakeCCompilerABI.c.o -lSystem /Applications/Xcode.app/Contents/Developer/Toolchains/XcodeDefault.xctoolchain/usr/bin/../lib/clang/7.3.0/lib/darwin/libclang_rt.osx.a
@(#)PROGRAM:ld  PROJECT:ld64-264.3.102
configured to support archs: armv6 armv7 armv7s arm64 i386 x86_64 x86_64h armv6m armv7k armv7m armv7em (tvOS)
Library search paths:
	/usr/lib
	/usr/local/lib
Framework search paths:
	/Library/Frameworks/
	/System/Library/Frameworks/
gmake[1]: Verzeichnis „/Users/marcel/Documents/Coding/gnuradio/gr-cbacon/build/CMakeFiles/CMakeTmp“ wird verlassen


Parsed C implicit link information from above output:
  link line regex: [^( *|.*[/\])(ld|([^/\]+-)?ld|collect2)[^/\]*( |$)]
  ignore line: [Change Dir: /Users/marcel/Documents/Coding/gnuradio/gr-cbacon/build/CMakeFiles/CMakeTmp]
  ignore line: []
  ignore line: [Run Build Command:"/opt/local/bin/gmake" "cmTC_5a501/fast"]
  ignore line: [/opt/local/bin/gmake -f CMakeFiles/cmTC_5a501.dir/build.make CMakeFiles/cmTC_5a501.dir/build]
  ignore line: [gmake[1]: Verzeichnis „/Users/marcel/Documents/Coding/gnuradio/gr-cbacon/build/CMakeFiles/CMakeTmp“ wird betreten]
  ignore line: [Building C object CMakeFiles/cmTC_5a501.dir/CMakeCCompilerABI.c.o]
  ignore line: [/Applications/Xcode.app/Contents/Developer/Toolchains/XcodeDefault.xctoolchain/usr/bin/cc     -o CMakeFiles/cmTC_5a501.dir/CMakeCCompilerABI.c.o   -c /opt/local/share/cmake-3.6/Modules/CMakeCCompilerABI.c]
  ignore line: [Linking C executable cmTC_5a501]
  ignore line: [/opt/local/bin/cmake -E cmake_link_script CMakeFiles/cmTC_5a501.dir/link.txt --verbose=1]
  ignore line: [/Applications/Xcode.app/Contents/Developer/Toolchains/XcodeDefault.xctoolchain/usr/bin/cc    -Wl,-search_paths_first -Wl,-headerpad_max_install_names  -v -Wl,-v CMakeFiles/cmTC_5a501.dir/CMakeCCompilerABI.c.o  -o cmTC_5a501   ]
  ignore line: [Apple LLVM version 7.3.0 (clang-703.0.31)]
  ignore line: [Target: x86_64-apple-darwin15.6.0]
  ignore line: [Thread model: posix]
  ignore line: [InstalledDir: /Applications/Xcode.app/Contents/Developer/Toolchains/XcodeDefault.xctoolchain/usr/bin]
  link line: [ "/Applications/Xcode.app/Contents/Developer/Toolchains/XcodeDefault.xctoolchain/usr/bin/ld" -demangle -dynamic -arch x86_64 -macosx_version_min 10.11.0 -o cmTC_5a501 -search_paths_first -headerpad_max_install_names -v CMakeFiles/cmTC_5a501.dir/CMakeCCompilerABI.c.o -lSystem /Applications/Xcode.app/Contents/Developer/Toolchains/XcodeDefault.xctoolchain/usr/bin/../lib/clang/7.3.0/lib/darwin/libclang_rt.osx.a]
    arg [/Applications/Xcode.app/Contents/Developer/Toolchains/XcodeDefault.xctoolchain/usr/bin/ld] ==> ignore
    arg [-demangle] ==> ignore
    arg [-dynamic] ==> ignore
    arg [-arch] ==> ignore
    arg [x86_64] ==> ignore
    arg [-macosx_version_min] ==> ignore
    arg [10.11.0] ==> ignore
    arg [-o] ==> ignore
    arg [cmTC_5a501] ==> ignore
    arg [-search_paths_first] ==> ignore
    arg [-headerpad_max_install_names] ==> ignore
    arg [-v] ==> ignore
    arg [CMakeFiles/cmTC_5a501.dir/CMakeCCompilerABI.c.o] ==> ignore
    arg [-lSystem] ==> lib [System]
    arg [/Applications/Xcode.app/Contents/Developer/Toolchains/XcodeDefault.xctoolchain/usr/bin/../lib/clang/7.3.0/lib/darwin/libclang_rt.osx.a] ==> lib [/Applications/Xcode.app/Contents/Developer/Toolchains/XcodeDefault.xctoolchain/usr/bin/../lib/clang/7.3.0/lib/darwin/libclang_rt.osx.a]
  Library search paths: [;/usr/lib;/usr/local/lib]
  Framework search paths: [;/Library/Frameworks/;/System/Library/Frameworks/]
  remove lib [System]
  collapse lib [/Applications/Xcode.app/Contents/Developer/Toolchains/XcodeDefault.xctoolchain/usr/bin/../lib/clang/7.3.0/lib/darwin/libclang_rt.osx.a] ==> [/Applications/Xcode.app/Contents/Developer/Toolchains/XcodeDefault.xctoolchain/usr/lib/clang/7.3.0/lib/darwin/libclang_rt.osx.a]
  collapse library dir [/usr/lib] ==> [/usr/lib]
  collapse library dir [/usr/local/lib] ==> [/usr/local/lib]
  collapse framework dir [/Library/Frameworks/] ==> [/Library/Frameworks]
  collapse framework dir [/System/Library/Frameworks/] ==> [/System/Library/Frameworks]
  implicit libs: [/Applications/Xcode.app/Contents/Developer/Toolchains/XcodeDefault.xctoolchain/usr/lib/clang/7.3.0/lib/darwin/libclang_rt.osx.a]
  implicit dirs: [/usr/lib;/usr/local/lib]
  implicit fwks: [/Library/Frameworks;/System/Library/Frameworks]




Detecting C [-std=c11] compiler features compiled with the following output:
Change Dir: /Users/marcel/Documents/Coding/gnuradio/gr-cbacon/build/CMakeFiles/CMakeTmp

Run Build Command:"/opt/local/bin/gmake" "cmTC_47475/fast"
/opt/local/bin/gmake -f CMakeFiles/cmTC_47475.dir/build.make CMakeFiles/cmTC_47475.dir/build
gmake[1]: Verzeichnis „/Users/marcel/Documents/Coding/gnuradio/gr-cbacon/build/CMakeFiles/CMakeTmp“ wird betreten
Building C object CMakeFiles/cmTC_47475.dir/feature_tests.c.o
/Applications/Xcode.app/Contents/Developer/Toolchains/XcodeDefault.xctoolchain/usr/bin/cc    -std=c11 -o CMakeFiles/cmTC_47475.dir/feature_tests.c.o   -c /Users/marcel/Documents/Coding/gnuradio/gr-cbacon/build/CMakeFiles/feature_tests.c
Linking C executable cmTC_47475
/opt/local/bin/cmake -E cmake_link_script CMakeFiles/cmTC_47475.dir/link.txt --verbose=1
/Applications/Xcode.app/Contents/Developer/Toolchains/XcodeDefault.xctoolchain/usr/bin/cc    -Wl,-search_paths_first -Wl,-headerpad_max_install_names   CMakeFiles/cmTC_47475.dir/feature_tests.c.o  -o cmTC_47475  
gmake[1]: Verzeichnis „/Users/marcel/Documents/Coding/gnuradio/gr-cbacon/build/CMakeFiles/CMakeTmp“ wird verlassen


    Feature record: C_FEATURE:1c_function_prototypes
    Feature record: C_FEATURE:1c_restrict
    Feature record: C_FEATURE:1c_static_assert
    Feature record: C_FEATURE:1c_variadic_macros


Detecting C [-std=c99] compiler features compiled with the following output:
Change Dir: /Users/marcel/Documents/Coding/gnuradio/gr-cbacon/build/CMakeFiles/CMakeTmp

Run Build Command:"/opt/local/bin/gmake" "cmTC_d809e/fast"
/opt/local/bin/gmake -f CMakeFiles/cmTC_d809e.dir/build.make CMakeFiles/cmTC_d809e.dir/build
gmake[1]: Verzeichnis „/Users/marcel/Documents/Coding/gnuradio/gr-cbacon/build/CMakeFiles/CMakeTmp“ wird betreten
Building C object CMakeFiles/cmTC_d809e.dir/feature_tests.c.o
/Applications/Xcode.app/Contents/Developer/Toolchains/XcodeDefault.xctoolchain/usr/bin/cc    -std=c99 -o CMakeFiles/cmTC_d809e.dir/feature_tests.c.o   -c /Users/marcel/Documents/Coding/gnuradio/gr-cbacon/build/CMakeFiles/feature_tests.c
Linking C executable cmTC_d809e
/opt/local/bin/cmake -E cmake_link_script CMakeFiles/cmTC_d809e.dir/link.txt --verbose=1
/Applications/Xcode.app/Contents/Developer/Toolchains/XcodeDefault.xctoolchain/usr/bin/cc    -Wl,-search_paths_first -Wl,-headerpad_max_install_names   CMakeFiles/cmTC_d809e.dir/feature_tests.c.o  -o cmTC_d809e  
gmake[1]: Verzeichnis „/Users/marcel/Documents/Coding/gnuradio/gr-cbacon/build/CMakeFiles/CMakeTmp“ wird verlassen


    Feature record: C_FEATURE:1c_function_prototypes
    Feature record: C_FEATURE:1c_restrict
    Feature record: C_FEATURE:0c_static_assert
    Feature record: C_FEATURE:1c_variadic_macros


Detecting C [-std=c90] compiler features compiled with the following output:
Change Dir: /Users/marcel/Documents/Coding/gnuradio/gr-cbacon/build/CMakeFiles/CMakeTmp

Run Build Command:"/opt/local/bin/gmake" "cmTC_a860e/fast"
/opt/local/bin/gmake -f CMakeFiles/cmTC_a860e.dir/build.make CMakeFiles/cmTC_a860e.dir/build
gmake[1]: Verzeichnis „/Users/marcel/Documents/Coding/gnuradio/gr-cbacon/build/CMakeFiles/CMakeTmp“ wird betreten
Building C object CMakeFiles/cmTC_a860e.dir/feature_tests.c.o
/Applications/Xcode.app/Contents/Developer/Toolchains/XcodeDefault.xctoolchain/usr/bin/cc    -std=c90 -o CMakeFiles/cmTC_a860e.dir/feature_tests.c.o   -c /Users/marcel/Documents/Coding/gnuradio/gr-cbacon/build/CMakeFiles/feature_tests.c
Linking C executable cmTC_a860e
/opt/local/bin/cmake -E cmake_link_script CMakeFiles/cmTC_a860e.dir/link.txt --verbose=1
/Applications/Xcode.app/Contents/Developer/Toolchains/XcodeDefault.xctoolchain/usr/bin/cc    -Wl,-search_paths_first -Wl,-headerpad_max_install_names   CMakeFiles/cmTC_a860e.dir/feature_tests.c.o  -o cmTC_a860e  
gmake[1]: Verzeichnis „/Users/marcel/Documents/Coding/gnuradio/gr-cbacon/build/CMakeFiles/CMakeTmp“ wird verlassen


    Feature record: C_FEATURE:1c_function_prototypes
    Feature record: C_FEATURE:0c_restrict
    Feature record: C_FEATURE:0c_static_assert
    Feature record: C_FEATURE:0c_variadic_macros
Determining if the include file sys/types.h exists passed with the following output:
Change Dir: /Users/marcel/Documents/Coding/gnuradio/gr-cbacon/build/CMakeFiles/CMakeTmp

Run Build Command:"/opt/local/bin/gmake" "cmTC_2e267/fast"
/opt/local/bin/gmake -f CMakeFiles/cmTC_2e267.dir/build.make CMakeFiles/cmTC_2e267.dir/build
gmake[1]: Verzeichnis „/Users/marcel/Documents/Coding/gnuradio/gr-cbacon/build/CMakeFiles/CMakeTmp“ wird betreten
Building C object CMakeFiles/cmTC_2e267.dir/CheckIncludeFile.c.o
/Applications/Xcode.app/Contents/Developer/Toolchains/XcodeDefault.xctoolchain/usr/bin/cc     -o CMakeFiles/cmTC_2e267.dir/CheckIncludeFile.c.o   -c /Users/marcel/Documents/Coding/gnuradio/gr-cbacon/build/CMakeFiles/CMakeTmp/CheckIncludeFile.c
Linking C executable cmTC_2e267
/opt/local/bin/cmake -E cmake_link_script CMakeFiles/cmTC_2e267.dir/link.txt --verbose=1
/Applications/Xcode.app/Contents/Developer/Toolchains/XcodeDefault.xctoolchain/usr/bin/cc    -Wl,-search_paths_first -Wl,-headerpad_max_install_names   CMakeFiles/cmTC_2e267.dir/CheckIncludeFile.c.o  -o cmTC_2e267  
gmake[1]: Verzeichnis „/Users/marcel/Documents/Coding/gnuradio/gr-cbacon/build/CMakeFiles/CMakeTmp“ wird verlassen


Determining if the include file stdint.h exists passed with the following output:
Change Dir: /Users/marcel/Documents/Coding/gnuradio/gr-cbacon/build/CMakeFiles/CMakeTmp

Run Build Command:"/opt/local/bin/gmake" "cmTC_8b89a/fast"
/opt/local/bin/gmake -f CMakeFiles/cmTC_8b89a.dir/build.make CMakeFiles/cmTC_8b89a.dir/build
gmake[1]: Verzeichnis „/Users/marcel/Documents/Coding/gnuradio/gr-cbacon/build/CMakeFiles/CMakeTmp“ wird betreten
Building C object CMakeFiles/cmTC_8b89a.dir/CheckIncludeFile.c.o
/Applications/Xcode.app/Contents/Developer/Toolchains/XcodeDefault.xctoolchain/usr/bin/cc     -o CMakeFiles/cmTC_8b89a.dir/CheckIncludeFile.c.o   -c /Users/marcel/Documents/Coding/gnuradio/gr-cbacon/build/CMakeFiles/CMakeTmp/CheckIncludeFile.c
Linking C executable cmTC_8b89a
/opt/local/bin/cmake -E cmake_link_script CMakeFiles/cmTC_8b89a.dir/link.txt --verbose=1
/Applications/Xcode.app/Contents/Developer/Toolchains/XcodeDefault.xctoolchain/usr/bin/cc    -Wl,-search_paths_first -Wl,-headerpad_max_install_names   CMakeFiles/cmTC_8b89a.dir/CheckIncludeFile.c.o  -o cmTC_8b89a  
gmake[1]: Verzeichnis „/Users/marcel/Documents/Coding/gnuradio/gr-cbacon/build/CMakeFiles/CMakeTmp“ wird verlassen


Determining if the include file stddef.h exists passed with the following output:
Change Dir: /Users/marcel/Documents/Coding/gnuradio/gr-cbacon/build/CMakeFiles/CMakeTmp

Run Build Command:"/opt/local/bin/gmake" "cmTC_fc79f/fast"
/opt/local/bin/gmake -f CMakeFiles/cmTC_fc79f.dir/build.make CMakeFiles/cmTC_fc79f.dir/build
gmake[1]: Verzeichnis „/Users/marcel/Documents/Coding/gnuradio/gr-cbacon/build/CMakeFiles/CMakeTmp“ wird betreten
Building C object CMakeFiles/cmTC_fc79f.dir/CheckIncludeFile.c.o
/Applications/Xcode.app/Contents/Developer/Toolchains/XcodeDefault.xctoolchain/usr/bin/cc     -o CMakeFiles/cmTC_fc79f.dir/CheckIncludeFile.c.o   -c /Users/marcel/Documents/Coding/gnuradio/gr-cbacon/build/CMakeFiles/CMakeTmp/CheckIncludeFile.c
Linking C executable cmTC_fc79f
/opt/local/bin/cmake -E cmake_link_script CMakeFiles/cmTC_fc79f.dir/link.txt --verbose=1
/Applications/Xcode.app/Contents/Developer/Toolchains/XcodeDefault.xctoolchain/usr/bin/cc    -Wl,-search_paths_first -Wl,-headerpad_max_install_names   CMakeFiles/cmTC_fc79f.dir/CheckIncludeFile.c.o  -o cmTC_fc79f  
gmake[1]: Verzeichnis „/Users/marcel/Documents/Coding/gnuradio/gr-cbacon/build/CMakeFiles/CMakeTmp“ wird verlassen


Determining size of size_t passed with the following output:
Change Dir: /Users/marcel/Documents/Coding/gnuradio/gr-cbacon/build/CMakeFiles/CMakeTmp

Run Build Command:"/opt/local/bin/gmake" "cmTC_05774/fast"
/opt/local/bin/gmake -f CMakeFiles/cmTC_05774.dir/build.make CMakeFiles/cmTC_05774.dir/build
gmake[1]: Verzeichnis „/Users/marcel/Documents/Coding/gnuradio/gr-cbacon/build/CMakeFiles/CMakeTmp“ wird betreten
Building C object CMakeFiles/cmTC_05774.dir/SIZEOF_SIZE_T.c.o
/Applications/Xcode.app/Contents/Developer/Toolchains/XcodeDefault.xctoolchain/usr/bin/cc     -o CMakeFiles/cmTC_05774.dir/SIZEOF_SIZE_T.c.o   -c /Users/marcel/Documents/Coding/gnuradio/gr-cbacon/build/CMakeFiles/CheckTypeSize/SIZEOF_SIZE_T.c
Linking C executable cmTC_05774
/opt/local/bin/cmake -E cmake_link_script CMakeFiles/cmTC_05774.dir/link.txt --verbose=1
/Applications/Xcode.app/Contents/Developer/Toolchains/XcodeDefault.xctoolchain/usr/bin/cc    -Wl,-search_paths_first -Wl,-headerpad_max_install_names   CMakeFiles/cmTC_05774.dir/SIZEOF_SIZE_T.c.o  -o cmTC_05774  
gmake[1]: Verzeichnis „/Users/marcel/Documents/Coding/gnuradio/gr-cbacon/build/CMakeFiles/CMakeTmp“ wird verlassen


Determining size of unsigned int passed with the following output:
Change Dir: /Users/marcel/Documents/Coding/gnuradio/gr-cbacon/build/CMakeFiles/CMakeTmp

Run Build Command:"/opt/local/bin/gmake" "cmTC_31df1/fast"
/opt/local/bin/gmake -f CMakeFiles/cmTC_31df1.dir/build.make CMakeFiles/cmTC_31df1.dir/build
gmake[1]: Verzeichnis „/Users/marcel/Documents/Coding/gnuradio/gr-cbacon/build/CMakeFiles/CMakeTmp“ wird betreten
Building C object CMakeFiles/cmTC_31df1.dir/SIZEOF_UINT.c.o
/Applications/Xcode.app/Contents/Developer/Toolchains/XcodeDefault.xctoolchain/usr/bin/cc     -o CMakeFiles/cmTC_31df1.dir/SIZEOF_UINT.c.o   -c /Users/marcel/Documents/Coding/gnuradio/gr-cbacon/build/CMakeFiles/CheckTypeSize/SIZEOF_UINT.c
Linking C executable cmTC_31df1
/opt/local/bin/cmake -E cmake_link_script CMakeFiles/cmTC_31df1.dir/link.txt --verbose=1
/Applications/Xcode.app/Contents/Developer/Toolchains/XcodeDefault.xctoolchain/usr/bin/cc    -Wl,-search_paths_first -Wl,-headerpad_max_install_names   CMakeFiles/cmTC_31df1.dir/SIZEOF_UINT.c.o  -o cmTC_31df1  
gmake[1]: Verzeichnis „/Users/marcel/Documents/Coding/gnuradio/gr-cbacon/build/CMakeFiles/CMakeTmp“ wird verlassen


